0 info it worked if it ends with ok
1 verbose cli [ 'C:\\Program Files\\nodejs\\node.exe',
1 verbose cli   'C:\\Users\\srinivasa\\AppData\\Roaming\\npm\\node_modules\\npm\\bin\\npm-cli.js',
1 verbose cli   'start' ]
2 info using npm@3.10.5
3 info using node@v8.11.3
4 verbose run-script [ 'prestart', 'start', 'poststart' ]
5 info lifecycle react-basic-config@1.0.0~prestart: react-basic-config@1.0.0
6 silly lifecycle react-basic-config@1.0.0~prestart: no script for prestart, continuing
7 info lifecycle react-basic-config@1.0.0~start: react-basic-config@1.0.0
8 verbose lifecycle react-basic-config@1.0.0~start: unsafe-perm in lifecycle true
9 verbose lifecycle react-basic-config@1.0.0~start: PATH: C:\Users\srinivasa\AppData\Roaming\npm\node_modules\npm\bin\node-gyp-bin;D:\Advanced-React\React-basics-Config\node_modules\.bin;C:\Program Files\nodejs;C:\Program Files\Common Files\Microsoft Shared\Windows Live;C:\Program Files (x86)\Common Files\Microsoft Shared\Windows Live;C:\Windows\system32;C:\Windows;C:\Windows\System32\Wbem;C:\Windows\System32\WindowsPowerShell\v1.0\;C:\Program Files\Intel\WiFi\bin\;C:\Program Files\Common Files\Intel\WirelessCommon\;C:\Program Files (x86)\Windows Live\Shared;C:\Program Files (x86)\Skype\Phone\;C:\Program Files\dotnet\;C:\Program Files\Microsoft SQL Server\130\Tools\Binn\;C:\Program Files (x86)\Microsoft SQL Server\110\Tools\Binn\;C:\Program Files\Microsoft SQL Server\110\Tools\Binn\;C:\Program Files\Microsoft SQL Server\110\DTS\Binn\;C:\Program Files (x86)\Microsoft SQL Server\Client SDK\ODBC\130\Tools\Binn\;C:\Program Files (x86)\Microsoft SQL Server\140\Tools\Binn\;C:\Program Files (x86)\Microsoft SQL Server\140\DTS\Binn\;C:\Program Files (x86)\Microsoft SQL Server\140\Tools\Binn\ManagementStudio\;C:\Program Files\Git\cmd;C:\Windows\System32\WindowsPowerShell\v1.0\;C:\Program Files (x86)\Microsoft VS Code\bin;C:\Program Files\nodejs\;C:\Program Files (x86)\Yarn\bin\;C:\Program Files\Intel\WiFi\bin\;C:\Program Files\Common Files\Intel\WirelessCommon\;C:\Program Files (x86)\Microsoft VS Code\bin;C:\Users\srinivasa\.dotnet\tools;C:\Users\srinivasa\AppData\Roaming\npm;C:\Users\srinivasa\AppData\Local\Yarn\bin
10 verbose lifecycle react-basic-config@1.0.0~start: CWD: D:\Advanced-React\React-basics-Config
11 silly lifecycle react-basic-config@1.0.0~start: Args: [ '/d /s /c', 'npm run build' ]
12 silly lifecycle react-basic-config@1.0.0~start: Returned: code: 1  signal: null
13 info lifecycle react-basic-config@1.0.0~start: Failed to exec start script
14 verbose stack Error: react-basic-config@1.0.0 start: `npm run build`
14 verbose stack Exit status 1
14 verbose stack     at EventEmitter.<anonymous> (C:\Users\srinivasa\AppData\Roaming\npm\node_modules\npm\lib\utils\lifecycle.js:242:16)
14 verbose stack     at emitTwo (events.js:126:13)
14 verbose stack     at EventEmitter.emit (events.js:214:7)
14 verbose stack     at ChildProcess.<anonymous> (C:\Users\srinivasa\AppData\Roaming\npm\node_modules\npm\lib\utils\spawn.js:40:14)
14 verbose stack     at emitTwo (events.js:126:13)
14 verbose stack     at ChildProcess.emit (events.js:214:7)
14 verbose stack     at maybeClose (internal/child_process.js:925:16)
14 verbose stack     at Process.ChildProcess._handle.onexit (internal/child_process.js:209:5)
15 verbose pkgid react-basic-config@1.0.0
16 verbose cwd D:\Advanced-React\React-basics-Config
17 error Windows_NT 6.1.7601
18 error argv "C:\\Program Files\\nodejs\\node.exe" "C:\\Users\\srinivasa\\AppData\\Roaming\\npm\\node_modules\\npm\\bin\\npm-cli.js" "start"
19 error node v8.11.3
20 error npm  v3.10.5
21 error code ELIFECYCLE
22 error react-basic-config@1.0.0 start: `npm run build`
22 error Exit status 1
23 error Failed at the react-basic-config@1.0.0 start script 'npm run build'.
23 error Make sure you have the latest version of node.js and npm installed.
23 error If you do, this is most likely a problem with the react-basic-config package,
23 error not with npm itself.
23 error Tell the author that this fails on your system:
23 error     npm run build
23 error You can get information on how to open an issue for this project with:
23 error     npm bugs react-basic-config
23 error Or if that isn't available, you can get their info via:
23 error     npm owner ls react-basic-config
23 error There is likely additional logging output above.
24 verbose exit [ 1, true ]
